<?xml version="1.0" encoding="UTF-8"?>
<!-- Generated by org.testng.reporters.JUnitXMLReporter -->
<testsuite ignored="0" hostname="DESKTOP-JS9Q4ST" failures="0" tests="6" name="Default test" time="169.198" errors="0" timestamp="2023-01-14T14:13:52 IST">
  <testcase classname="utility.TestNGDataProviderExcelData" name="faceBooKLogin" time="14.555"/>
  <testcase classname="utility.TestNGDataProviderExcelData" name="faceBooKLogin" time="14.629"/>
  <testcase classname="utility.TestNGDataProviderExcelData" name="faceBooKLogin" time="14.13"/>
  <testcase classname="utility.TestNGDataProviderExcelData" name="faceBooKLogin" time="15.004"/>
  <testcase classname="utility.TestNGDataProviderExcelData" name="faceBooKLogin" time="15.075"/>
  <testcase classname="utility.TestNGDataProviderExcelData" name="faceBooKLogin" time="13.945"/>
</testsuite> <!-- Default test -->
