<?xml version="1.0" encoding="UTF-8"?>
<!-- Generated by org.testng.reporters.JUnitXMLReporter -->
<testsuite ignored="1" hostname="DESKTOP-JS9Q4ST" failures="0" tests="2" name="TestNG Groups Test" time="0.097" errors="0" timestamp="2022-12-28T10:01:05 IST">
  <testcase classname="TestNGGroups" name="validLogin2" time="0.018"/>
  <testcase classname="TestNGGroups" name="validlogin" time="0.002"/>
  <testcase classname="TestNGGroups" name="invalidLogin" time="0.0">
    <ignored/>
  </testcase> <!-- invalidLogin -->
</testsuite> <!-- TestNG Groups Test -->
